<?xml version="1.0" encoding="UTF-8"?>
<testsuite xmlns:xsi="http://www.w3.org/2001/XMLSchema-instance" xsi:noNamespaceSchemaLocation="https://maven.apache.org/surefire/maven-surefire-plugin/xsd/surefire-test-report-3.0.xsd" version="3.0" name="PerfectHashingTest" time="2.27" tests="8" errors="0" skipped="0" failures="0">
  <properties>
[...]
</properties>
  <testcase name="QuadraticSpaceMediumSet" classname="PerfectHashingTest" time="0.064">
    <system-out><![CDATA[a -> 1
b -> 25
c -> 17
d -> 9
e -> 1
f -> 25
g -> 17
h -> 9
i -> 1
j -> 25
Rehashes for  100 words: 0
Time taken: 12ms
]]></system-out>
  </testcase>
  <testcase name="QuadraticSpaceVeryLargeSet" classname="PerfectHashingTest" time="0.012">
    <system-out><![CDATA[Rehashes for 1000 words: 48
Time taken: 4ms
]]></system-out>
  </testcase>
  <testcase name="QuadraticSpaceLargeSet" classname="PerfectHashingTest" time="0.007">
    <system-out><![CDATA[Rehashes for 100 words: 17
Time taken: 0ms
]]></system-out>
  </testcase>
  <testcase name="QuadraticSpaceSmallSet" classname="PerfectHashingTest" time="0.013">
    <system-out><![CDATA[dog -> 25
cat -> 9
fish -> 9
bird -> 17
frog -> 9
lion -> 9
0: null
1: null
2: null
3: lion
4: null
5: frog
6: null
7: cat
8: null
9: fish
10: null
11: null
12: null
13: null
14: null
15: null
16: null
17: bird
18: null
19: null
20: null
21: null
22: null
23: null
24: null
25: dog
26: null
27: null
28: null
29: null
30: null
31: null
Rehashes for 6 words: 2
Time taken: 0ms
]]></system-out>
  </testcase>
  <testcase name="LinearSpaceSmallSet" classname="PerfectHashingTest" time="0.03">
    <system-out><![CDATA[dog -> 1
cat -> 17
fish -> 17
bird -> 25
frog -> 17
lion -> 17
At pin 1 secondary index 0: null
At pin 1 secondary index 1: null
At pin 1 secondary index 2: null
At pin 1 secondary index 3: null
At pin 1 secondary index 4: null
At pin 1 secondary index 5: null
At pin 1 secondary index 6: null
At pin 1 secondary index 7: null
At pin 1 secondary index 8: null
At pin 1 secondary index 9: null
At pin 1 secondary index 10: null
At pin 1 secondary index 11: null
At pin 1 secondary index 12: null
At pin 1 secondary index 13: dog
At pin 1 secondary index 14: null
At pin 1 secondary index 15: null
At pin 17 secondary index 0: null
At pin 17 secondary index 1: cat
At pin 17 secondary index 2: null
At pin 17 secondary index 3: fish
At pin 17 secondary index 4: null
At pin 17 secondary index 5: frog
At pin 17 secondary index 6: null
At pin 17 secondary index 7: lion
At pin 17 secondary index 8: null
At pin 17 secondary index 9: null
At pin 17 secondary index 10: null
At pin 17 secondary index 11: null
At pin 17 secondary index 12: null
At pin 17 secondary index 13: null
At pin 17 secondary index 14: null
At pin 17 secondary index 15: null
At pin 25 secondary index 0: null
At pin 25 secondary index 1: null
At pin 25 secondary index 2: null
At pin 25 secondary index 3: null
At pin 25 secondary index 4: null
At pin 25 secondary index 5: bird
At pin 25 secondary index 6: null
At pin 25 secondary index 7: null
At pin 25 secondary index 8: null
At pin 25 secondary index 9: null
At pin 25 secondary index 10: null
At pin 25 secondary index 11: null
At pin 25 secondary index 12: null
At pin 25 secondary index 13: null
At pin 25 secondary index 14: null
At pin 25 secondary index 15: null
Rehashes for 6 words: 0
Time taken: 0ms
]]></system-out>
  </testcase>
  <testcase name="testRehashingOnCollision" classname="PerfectHashingTest" time="0.017">
    <system-out><![CDATA[TESTING REHASHING ON COLLISION:
Inserted: abc, Rehash count: 0
Inserted: cba, Rehash count: 0
Inserted: bac, Rehash count: 0
Inserted: cab, Rehash count: 0
Inserted: acb, Rehash count: 0
Inserted: bca, Rehash count: 1
Search for abc: Not Found
Search for cba: Found
Search for bac: Found
Search for cab: Not Found
Search for acb: Found
Search for bca: Found
All words found: false
Total rehashes: 1

Final table contents:
1: bac
5: acb
7: cba
9: bca
11: cab
13: abc
]]></system-out>
  </testcase>
  <testcase name="linearSpaceMediumSet" classname="PerfectHashingTest" time="0.01">
    <system-out><![CDATA[Rehashes for  10 words: 0
Time taken: 0ms
]]></system-out>
  </testcase>
  <testcase name="linearSpaceLargeSet" classname="PerfectHashingTest" time="2.059">
    <system-out><![CDATA[Rehashes for 1000000 words: 16
Time taken: 1824ms
]]></system-out>
  </testcase>
</testsuite>